<?xml version="1.0" encoding="UTF-8"?>
<!-- Generated by org.testng.reporters.JUnitReportReporter -->
<testsuite hostname="LAPTOP-719GAQRG" failures="0" tests="5" name="practiceAnnotation.TestNGKeywords" time="0.019" errors="0" timestamp="2023-10-27T11:29:49 IST" skipped="0">
  <testcase classname="practiceAnnotation.TestNGKeywords" name="pqr" time="0.001"/>
  <system-out/>
  <testcase classname="practiceAnnotation.TestNGKeywords" name="def" time="0.012"/>
  <system-out/>
  <testcase classname="practiceAnnotation.TestNGKeywords" name="xyz" time="0.002"/>
  <system-out/>
  <testcase classname="practiceAnnotation.TestNGKeywords" name="abc" time="0.002"/>
  <system-out/>
  <testcase classname="practiceAnnotation.TestNGKeywords" name="mno" time="0.002"/>
  <system-out/>
</testsuite> <!-- practiceAnnotation.TestNGKeywords -->
