<?xml version="1.0" encoding="UTF-8"?>
<!-- Generated by org.testng.reporters.JUnitReportReporter -->
<testsuite hostname="LAPTOP-719GAQRG" failures="0" tests="1" name="practiceAnnotation.PracticeAnnotations" time="0.014" errors="0" timestamp="2023-10-28T19:52:42 IST" skipped="0">
  <testcase classname="practiceAnnotation.PracticeAnnotations" name="test" time="0.014"/>
  <system-out/>
</testsuite> <!-- practiceAnnotation.PracticeAnnotations -->
